<model-import xmlns="http://xmlns.opennms.org/xsd/config/model-import" date-stamp="2024-01-24T06:05:50.261-05:00" foreign-source="test-network1-requisition" last-import="2024-01-24T06:06:54.550-05:00">
   <node foreign-id="netsnmp_1_1" node-label="netsnmp_1_1">
      <interface ip-addr="172.20.0.101" status="1" snmp-primary="P">
         <monitored-service service-name="ICMP"/>
      </interface>
   </node>
   <node foreign-id="netsnmp_1_2" node-label="netsnmp_1_2">
      <interface ip-addr="172.20.0.102" status="1" snmp-primary="P">
         <monitored-service service-name="ICMP"/>
      </interface>
   </node>
   <node foreign-id="chubb_camera_01" node-label="chubb_camera_01">
      <interface ip-addr="172.20.0.103" status="1" snmp-primary="P">
         <monitored-service service-name="ICMP"/>
         <monitored-service service-name="SNMP"/>
      </interface>
   </node>
   <node location="minion1-location" foreign-id="netsnmp_2_2" node-label="netsnmp_2_2">
      <interface descr="" ip-addr="172.20.2.102" status="1" snmp-primary="P">
         <monitored-service service-name="ICMP"/>
      </interface>
   </node>
   <node foreign-id="nginx" node-label="nginx">
      <interface ip-addr="172.20.0.5" status="1" snmp-primary="P">
         <monitored-service service-name="ICMP"/>
         <monitored-service service-name="nginx_stats"/>
      </interface>
   </node>
   <node foreign-id="horizon" node-label="horizon">
      <interface ip-addr="172.20.0.15" status="1" snmp-primary="P">
         <monitored-service service-name="ICMP"/>
      </interface>
   </node>
   <node foreign-id="database" node-label="database">
      <interface ip-addr="172.20.0.10" status="1" snmp-primary="P">
         <monitored-service service-name="ICMP"/>
      </interface>
   </node>
   <node foreign-id="minion1" node-label="minion1">
      <interface ip-addr="172.20.0.25" status="1" snmp-primary="P">
         <monitored-service service-name="ICMP"/>
      </interface>
   </node>
   <node foreign-id="docker-host-N000" node-label="docker-host-N000">
      <interface ip-addr="172.20.0.1" status="1" snmp-primary="P">
         <monitored-service service-name="ICMP"/>
      </interface>
   </node>
   <node location="minion1-location" foreign-id="docker-host-N001" node-label="docker-host-N001">
      <interface ip-addr="172.20.2.1" status="1" snmp-primary="P">
         <monitored-service service-name="ICMP"/>
      </interface>
   </node>
   <node location="minion1-location" foreign-id="chubb_camera_02" node-label="chubb_camera_02">
      <interface ip-addr="172.20.2.103" status="1" snmp-primary="P">
         <monitored-service service-name="ICMP"/>
         <monitored-service service-name="SNMP"/>
      </interface>
   </node>
</model-import>
